0 verbose cli /Users/user/.nvm/versions/node/v21.2.0/bin/node /Users/user/.nvm/versions/node/v21.2.0/bin/npm
1 info using npm@10.8.0
2 info using node@v21.2.0
3 silly config load:file:/Users/user/.nvm/versions/node/v21.2.0/lib/node_modules/npm/npmrc
4 silly config load:file:/Users/user/Downloads/CeeBee-Predict-AdminPanel-React/.npmrc
5 silly config load:file:/Users/user/.npmrc
6 silly config load:file:/Users/user/.nvm/versions/node/v21.2.0/etc/npmrc
7 verbose title npm install date-fns@^3.0.0
8 verbose argv "install" "--cache" "./.npm-cache" "date-fns@^3.0.0"
9 verbose logfile logs-max:10 dir:/Users/user/Downloads/CeeBee-Predict-AdminPanel-React/.npm-cache/_logs/2026-01-19T21_24_01_178Z-
10 verbose logfile /Users/user/Downloads/CeeBee-Predict-AdminPanel-React/.npm-cache/_logs/2026-01-19T21_24_01_178Z-debug-0.log
11 silly packumentCache heap:4345298944 maxSize:1086324736 maxEntrySize:543162368
12 silly logfile done cleaning log files
13 silly idealTree buildDeps
14 silly fetch manifest date-fns@^3.0.0
15 silly packumentCache full:https://registry.npmjs.org/date-fns cache-miss
16 http fetch GET 200 https://registry.npmjs.org/date-fns 2329ms (cache revalidated)
17 silly packumentCache full:https://registry.npmjs.org/date-fns set size:3443779 disposed:false
18 silly placeDep ROOT date-fns@3.6.0 REPLACE for: ceebee-predict-admin-panel@1.0.0 want: ^3.0.0
19 silly reify mark retired [
19 silly reify   '/Users/user/Downloads/CeeBee-Predict-AdminPanel-React/node_modules/date-fns'
19 silly reify ]
20 silly reify moves {
20 silly reify   '/Users/user/Downloads/CeeBee-Predict-AdminPanel-React/node_modules/date-fns': '/Users/user/Downloads/CeeBee-Predict-AdminPanel-React/node_modules/.date-fns-JwpszzjT'
20 silly reify }
21 silly audit bulk request {
21 silly audit   '@alloc/quick-lru': [ '5.2.0' ],
21 silly audit   '@babel/code-frame': [ '7.28.6' ],
21 silly audit   '@babel/compat-data': [ '7.28.6' ],
21 silly audit   '@babel/core': [ '7.28.6' ],
21 silly audit   'convert-source-map': [ '2.0.0', '1.9.0' ],
21 silly audit   semver: [ '6.3.1', '7.7.3' ],
21 silly audit   '@babel/eslint-parser': [ '7.28.6' ],
21 silly audit   'eslint-visitor-keys': [ '2.1.0', '3.4.3' ],
21 silly audit   '@babel/generator': [ '7.28.6' ],
21 silly audit   '@babel/helper-annotate-as-pure': [ '7.27.3' ],
21 silly audit   '@babel/helper-compilation-targets': [ '7.28.6' ],
21 silly audit   '@babel/helper-create-class-features-plugin': [ '7.28.6' ],
21 silly audit   '@babel/helper-create-regexp-features-plugin': [ '7.28.5' ],
21 silly audit   '@babel/helper-define-polyfill-provider': [ '0.6.5' ],
21 silly audit   '@babel/helper-globals': [ '7.28.0' ],
21 silly audit   '@babel/helper-member-expression-to-functions': [ '7.28.5' ],
21 silly audit   '@babel/helper-module-imports': [ '7.28.6' ],
21 silly audit   '@babel/helper-module-transforms': [ '7.28.6' ],
21 silly audit   '@babel/helper-optimise-call-expression': [ '7.27.1' ],
21 silly audit   '@babel/helper-plugin-utils': [ '7.28.6' ],
21 silly audit   '@babel/helper-remap-async-to-generator': [ '7.27.1' ],
21 silly audit   '@babel/helper-replace-supers': [ '7.28.6' ],
21 silly audit   '@babel/helper-skip-transparent-expression-wrappers': [ '7.27.1' ],
21 silly audit   '@babel/helper-string-parser': [ '7.27.1' ],
21 silly audit   '@babel/helper-validator-identifier': [ '7.28.5' ],
21 silly audit   '@babel/helper-validator-option': [ '7.27.1' ],
21 silly audit   '@babel/helper-wrap-function': [ '7.28.6' ],
21 silly audit   '@babel/helpers': [ '7.28.6' ],
21 silly audit   '@babel/parser': [ '7.28.6' ],
21 silly audit   '@babel/plugin-bugfix-firefox-class-in-computed-class-key': [ '7.28.5' ],
21 silly audit   '@babel/plugin-bugfix-safari-class-field-initializer-scope': [ '7.27.1' ],
21 silly audit   '@babel/plugin-bugfix-safari-id-destructuring-collision-in-function-expression': [ '7.27.1' ],
21 silly audit   '@babel/plugin-bugfix-v8-spread-parameters-in-optional-chaining': [ '7.27.1' ],
21 silly audit   '@babel/plugin-bugfix-v8-static-class-fields-redefine-readonly': [ '7.28.6' ],
21 silly audit   '@babel/plugin-proposal-class-properties': [ '7.18.6' ],
21 silly audit   '@babel/plugin-proposal-decorators': [ '7.28.6' ],
21 silly audit   '@babel/plugin-proposal-nullish-coalescing-operator': [ '7.18.6' ],
21 silly audit   '@babel/plugin-proposal-numeric-separator': [ '7.18.6' ],
21 silly audit   '@babel/plugin-proposal-optional-chaining': [ '7.21.0' ],
21 silly audit   '@babel/plugin-proposal-private-methods': [ '7.18.6' ],
21 silly audit   '@babel/plugin-proposal-private-property-in-object': [ '7.21.0-placeholder-for-preset-env.2', '7.21.11' ],
21 silly audit   '@babel/plugin-syntax-async-generators': [ '7.8.4' ],
21 silly audit   '@babel/plugin-syntax-bigint': [ '7.8.3' ],
21 silly audit   '@babel/plugin-syntax-class-properties': [ '7.12.13' ],
21 silly audit   '@babel/plugin-syntax-class-static-block': [ '7.14.5' ],
21 silly audit   '@babel/plugin-syntax-decorators': [ '7.28.6' ],
21 silly audit   '@babel/plugin-syntax-flow': [ '7.28.6' ],
21 silly audit   '@babel/plugin-syntax-import-assertions': [ '7.28.6' ],
21 silly audit   '@babel/plugin-syntax-import-attributes': [ '7.28.6' ],
21 silly audit   '@babel/plugin-syntax-import-meta': [ '7.10.4' ],
21 silly audit   '@babel/plugin-syntax-json-strings': [ '7.8.3' ],
21 silly audit   '@babel/plugin-syntax-jsx': [ '7.28.6' ],
21 silly audit   '@babel/plugin-syntax-logical-assignment-operators': [ '7.10.4' ],
21 silly audit   '@babel/plugin-syntax-nullish-coalescing-operator': [ '7.8.3' ],
21 silly audit   '@babel/plugin-syntax-numeric-separator': [ '7.10.4' ],
21 silly audit   '@babel/plugin-syntax-object-rest-spread': [ '7.8.3' ],
21 silly audit   '@babel/plugin-syntax-optional-catch-binding': [ '7.8.3' ],
21 silly audit   '@babel/plugin-syntax-optional-chaining': [ '7.8.3' ],
21 silly audit   '@babel/plugin-syntax-private-property-in-object': [ '7.14.5' ],
21 silly audit   '@babel/plugin-syntax-top-level-await': [ '7.14.5' ],
21 silly audit   '@babel/plugin-syntax-typescript': [ '7.28.6' ],
21 silly audit   '@babel/plugin-syntax-unicode-sets-regex': [ '7.18.6' ],
21 silly audit   '@babel/plugin-transform-arrow-functions': [ '7.27.1' ],
21 silly audit   '@babel/plugin-transform-async-generator-functions': [ '7.28.6' ],
21 silly audit   '@babel/plugin-transform-async-to-generator': [ '7.28.6' ],
21 silly audit   '@babel/plugin-transform-block-scoped-functions': [ '7.27.1' ],
21 silly audit   '@babel/plugin-transform-block-scoping': [ '7.28.6' ],
21 silly audit   '@babel/plugin-transform-class-properties': [ '7.28.6' ],
21 silly audit   '@babel/plugin-transform-class-static-block': [ '7.28.6' ],
21 silly audit   '@babel/plugin-transform-classes': [ '7.28.6' ],
21 silly audit   '@babel/plugin-transform-computed-properties': [ '7.28.6' ],
21 silly audit   '@babel/plugin-transform-destructuring': [ '7.28.5' ],
21 silly audit   '@babel/plugin-transform-dotall-regex': [ '7.28.6' ],
21 silly audit   '@babel/plugin-transform-duplicate-keys': [ '7.27.1' ],
21 silly audit   '@babel/plugin-transform-duplicate-named-capturing-groups-regex': [ '7.28.6' ],
21 silly audit   '@babel/plugin-transform-dynamic-import': [ '7.27.1' ],
21 silly audit   '@babel/plugin-transform-explicit-resource-management': [ '7.28.6' ],
21 silly audit   '@babel/plugin-transform-exponentiation-operator': [ '7.28.6' ],
21 silly audit   '@babel/plugin-transform-export-namespace-from': [ '7.27.1' ],
21 silly audit   '@babel/plugin-transform-flow-strip-types': [ '7.27.1' ],
21 silly audit   '@babel/plugin-transform-for-of': [ '7.27.1' ],
21 silly audit   '@babel/plugin-transform-function-name': [ '7.27.1' ],
21 silly audit   '@babel/plugin-transform-json-strings': [ '7.28.6' ],
21 silly audit   '@babel/plugin-transform-literals': [ '7.27.1' ],
21 silly audit   '@babel/plugin-transform-logical-assignment-operators': [ '7.28.6' ],
21 silly audit   '@babel/plugin-transform-member-expression-literals': [ '7.27.1' ],
21 silly audit   '@babel/plugin-transform-modules-amd': [ '7.27.1' ],
21 silly audit   '@babel/plugin-transform-modules-commonjs': [ '7.28.6' ],
21 silly audit   '@babel/plugin-transform-modules-systemjs': [ '7.28.5' ],
21 silly audit   '@babel/plugin-transform-modules-umd': [ '7.27.1' ],
21 silly audit   '@babel/plugin-transform-named-capturing-groups-regex': [ '7.27.1' ],
21 silly audit   '@babel/plugin-transform-new-target': [ '7.27.1' ],
21 silly audit   '@babel/plugin-transform-nullish-coalescing-operator': [ '7.28.6' ],
21 silly audit   '@babel/plugin-transform-numeric-separator': [ '7.28.6' ],
21 silly audit   '@babel/plugin-transform-object-rest-spread': [ '7.28.6' ],
21 silly audit   '@babel/plugin-transform-object-super': [ '7.27.1' ],
21 silly audit   '@babel/plugin-transform-optional-catch-binding': [ '7.28.6' ],
21 silly audit   '@babel/plugin-transform-optional-chaining': [ '7.28.6' ],
21 silly audit   '@babel/plugin-transform-parameters': [ '7.27.7' ],
21 silly audit   '@babel/plugin-transform-private-methods': [ '7.28.6' ],
21 silly audit   '@babel/plugin-transform-private-property-in-object': [ '7.28.6' ],
21 silly audit   '@babel/plugin-transform-property-literals': [ '7.27.1' ],
21 silly audit   '@babel/plugin-transform-react-constant-elements': [ '7.27.1' ],
21 silly audit   '@babel/plugin-transform-react-display-name': [ '7.28.0' ],
21 silly audit   '@babel/plugin-transform-react-jsx': [ '7.28.6' ],
21 silly audit   '@babel/plugin-transform-react-jsx-development': [ '7.27.1' ],
21 silly audit   '@babel/plugin-transform-react-pure-annotations': [ '7.27.1' ],
21 silly audit   '@babel/plugin-transform-regenerator': [ '7.28.6' ],
21 silly audit   '@babel/plugin-transform-regexp-modifiers': [ '7.28.6' ],
21 silly audit   '@babel/plugin-transform-reserved-words': [ '7.27.1' ],
21 silly audit   '@babel/plugin-transform-runtime': [ '7.28.5' ],
21 silly audit   '@babel/plugin-transform-shorthand-properties': [ '7.27.1' ],
21 silly audit   '@babel/plugin-transform-spread': [ '7.28.6' ],
21 silly audit   '@babel/plugin-transform-sticky-regex': [ '7.27.1' ],
21 silly audit   '@babel/plugin-transform-template-literals': [ '7.27.1' ],
21 silly audit   '@babel/plugin-transform-typeof-symbol': [ '7.27.1' ],
21 silly audit   '@babel/plugin-transform-typescript': [ '7.28.6' ],
21 silly audit   '@babel/plugin-transform-unicode-escapes': [ '7.27.1' ],
21 silly audit   '@babel/plugin-transform-unicode-property-regex': [ '7.28.6' ],
21 silly audit   '@babel/plugin-transform-unicode-regex': [ '7.27.1' ],
21 silly audit   '@babel/plugin-transform-unicode-sets-regex': [ '7.28.6' ],
21 silly audit   '@babel/preset-env': [ '7.28.6' ],
21 silly audit   '@babel/preset-modules': [ '0.1.6-no-external-plugins' ],
21 silly audit   '@babel/preset-react': [ '7.28.5' ],
21 silly audit   '@babel/preset-typescript': [ '7.28.5' ],
21 silly audit   '@babel/runtime': [ '7.28.6' ],
21 silly audit   '@babel/template': [ '7.28.6' ],
21 silly audit   '@babel/traverse': [ '7.28.6' ],
21 silly audit   '@babel/types': [ '7.28.6' ],
21 silly audit   '@bcoe/v8-coverage': [ '0.2.3' ],
21 silly audit   '@csstools/normalize.css': [ '12.1.1' ],
21 silly audit   '@csstools/postcss-cascade-layers': [ '1.1.1' ],
21 silly audit   '@csstools/postcss-color-function': [ '1.1.1' ],
21 silly audit   '@csstools/postcss-font-format-keywords': [ '1.0.1' ],
21 silly audit   '@csstools/postcss-hwb-function': [ '1.0.2' ],
21 silly audit   '@csstools/postcss-ic-unit': [ '1.0.1' ],
21 silly audit   '@csstools/postcss-is-pseudo-class': [ '2.0.7' ],
21 silly audit   '@csstools/postcss-nested-calc': [ '1.0.0' ],
21 silly audit   '@csstools/postcss-normalize-display-values': [ '1.0.1' ],
21 silly audit   '@csstools/postcss-oklab-function': [ '1.1.1' ],
21 silly audit   '@csstools/postcss-progressive-custom-properties': [ '1.3.0' ],
21 silly audit   '@csstools/postcss-stepped-value-functions': [ '1.0.1' ],
21 silly audit   '@csstools/postcss-text-decoration-shorthand': [ '1.0.0' ],
21 silly audit   '@csstools/postcss-trigonometric-functions': [ '1.0.2' ],
21 silly audit   '@csstools/postcss-unset-value': [ '1.0.2' ],
21 silly audit   '@csstools/selector-specificity': [ '2.2.0' ],
21 silly audit   '@emotion/babel-plugin': [ '11.13.5' ],
21 silly audit   '@emotion/cache': [ '11.14.0' ],
21 silly audit   '@emotion/hash': [ '0.9.2' ],
21 silly audit   '@emotion/is-prop-valid': [ '1.4.0' ],
21 silly audit   '@emotion/memoize': [ '0.9.0' ],
21 silly audit   '@emotion/react': [ '11.14.0' ],
21 silly audit   '@emotion/serialize': [ '1.3.3' ],
21 silly audit   '@emotion/sheet': [ '1.4.0' ],
21 silly audit   '@emotion/styled': [ '11.14.1' ],
21 silly audit   '@emotion/unitless': [ '0.10.0' ],
21 silly audit   '@emotion/use-insertion-effect-with-fallbacks': [ '1.2.0' ],
21 silly audit   '@emotion/utils': [ '1.4.2' ],
21 silly audit   '@emotion/weak-memoize': [ '0.4.0' ],
21 silly audit   '@eslint-community/eslint-utils': [ '4.9.1' ],
21 silly audit   '@eslint-community/regexpp': [ '4.12.2' ],
21 silly audit   '@eslint/eslintrc': [ '2.1.4' ],
21 silly audit   argparse: [ '2.0.1', '1.0.10' ],
21 silly audit   'js-yaml': [ '4.1.1', '3.14.2' ],
21 silly audit   '@eslint/js': [ '8.57.1' ],
21 silly audit   '@firebase/analytics': [ '0.10.8' ],
21 silly audit   '@firebase/analytics-compat': [ '0.2.14' ],
21 silly audit   '@firebase/analytics-types': [ '0.8.2' ],
21 silly audit   '@firebase/app': [ '0.10.13' ],
21 silly audit   '@firebase/app-check': [ '0.8.8' ],
21 silly audit   '@firebase/app-check-compat': [ '0.3.15' ],
21 silly audit   '@firebase/app-check-interop-types': [ '0.3.2' ],
21 silly audit   '@firebase/app-check-types': [ '0.5.2' ],
21 silly audit   '@firebase/app-compat': [ '0.2.43' ],
21 silly audit   '@firebase/app-types': [ '0.9.2' ],
21 silly audit   '@firebase/auth-compat': [ '0.5.14' ],
21 silly audit   '@firebase/auth': [ '1.7.9' ],
21 silly audit   '@firebase/auth-interop-types': [ '0.2.3' ],
21 silly audit   '@firebase/auth-types': [ '0.12.2' ],
21 silly audit   '@firebase/component': [ '0.6.9' ],
21 silly audit   '@firebase/data-connect': [ '0.1.0' ],
21 silly audit   '@firebase/database': [ '1.0.8' ],
21 silly audit   '@firebase/database-compat': [ '1.0.8' ],
21 silly audit   '@firebase/database-types': [ '1.0.5' ],
21 silly audit   '@firebase/firestore': [ '4.7.3' ],
21 silly audit   '@firebase/firestore-compat': [ '0.3.38' ],
21 silly audit   '@firebase/firestore-types': [ '3.0.2' ],
21 silly audit   '@firebase/functions': [ '0.11.8' ],
21 silly audit   '@firebase/functions-compat': [ '0.3.14' ],
21 silly audit   '@firebase/functions-types': [ '0.6.2' ],
21 silly audit   '@firebase/installations': [ '0.6.9' ],
21 silly audit   '@firebase/installations-compat': [ '0.2.9' ],
21 silly audit   '@firebase/installations-types': [ '0.5.2' ],
21 silly audit   '@firebase/logger': [ '0.4.2' ],
21 silly audit   '@firebase/messaging': [ '0.12.12' ],
21 silly audit   '@firebase/messaging-compat': [ '0.2.12' ],
21 silly audit   '@firebase/messaging-interop-types': [ '0.2.2' ],
21 silly audit   '@firebase/performance': [ '0.6.9' ],
21 silly audit   '@firebase/performance-compat': [ '0.2.9' ],
21 silly audit   '@firebase/performance-types': [ '0.2.2' ],
21 silly audit   '@firebase/remote-config': [ '0.4.9' ],
21 silly audit   '@firebase/remote-config-compat': [ '0.2.9' ],
21 silly audit   '@firebase/remote-config-types': [ '0.3.2' ],
21 silly audit   '@firebase/storage': [ '0.13.2' ],
21 silly audit   '@firebase/storage-compat': [ '0.3.12' ],
21 silly audit   '@firebase/storage-types': [ '0.8.2' ],
21 silly audit   '@firebase/util': [ '1.10.0' ],
21 silly audit   '@firebase/vertexai-preview': [ '0.0.4' ],
21 silly audit   '@firebase/webchannel-wrapper': [ '1.0.1' ],
21 silly audit   '@floating-ui/core': [ '1.7.3' ],
21 silly audit   '@floating-ui/dom': [ '1.7.4' ],
21 silly audit   '@floating-ui/react-dom': [ '2.1.6' ],
21 silly audit   '@floating-ui/utils': [ '0.2.10' ],
21 silly audit   '@grpc/grpc-js': [ '1.9.15' ],
21 silly audit   '@grpc/proto-loader': [ '0.7.15' ],
21 silly audit   '@humanwhocodes/config-array': [ '0.13.0' ],
21 silly audit   '@humanwhocodes/module-importer': [ '1.0.1' ],
21 silly audit   '@humanwhocodes/object-schema': [ '2.0.3' ],
21 silly audit   '@istanbuljs/load-nyc-config': [ '1.1.0' ],
21 silly audit   camelcase: [ '5.3.1', '6.3.0' ],
21 silly audit   'resolve-from': [ '5.0.0', '4.0.0' ],
21 silly audit   '@istanbuljs/schema': [ '0.1.3' ],
21 silly audit   '@jest/console': [ '27.5.1', '28.1.3' ],
21 silly audit   '@jest/core': [ '27.5.1' ],
21 silly audit   '@jest/environment': [ '27.5.1' ],
21 silly audit   '@jest/fake-timers': [ '27.5.1' ],
21 silly audit   '@jest/globals': [ '27.5.1' ],
21 silly audit   '@jest/reporters': [ '27.5.1' ],
21 silly audit   'source-map': [ '0.6.1', '0.7.6', '0.5.7', '0.8.0-beta.0' ],
21 silly audit   '@jest/schemas': [ '28.1.3' ],
21 silly audit   '@jest/source-map': [ '27.5.1' ],
21 silly audit   '@jest/test-result': [ '27.5.1', '28.1.3' ],
21 silly audit   '@jest/test-sequencer': [ '27.5.1' ],
21 silly audit   '@jest/transform': [ '27.5.1' ],
21 silly audit   '@jest/types': [ '27.5.1', '28.1.3' ],
21 silly audit   '@jridgewell/gen-mapping': [ '0.3.13' ],
21 silly audit   '@jridgewell/remapping': [ '2.3.5' ],
21 silly audit   '@jridgewell/resolve-uri': [ '3.1.2' ],
21 silly audit   '@jridgewell/source-map': [ '0.3.11' ],
21 silly audit   '@jridgewell/sourcemap-codec': [ '1.5.5' ],
21 silly audit   '@jridgewell/trace-mapping': [ '0.3.31' ],
21 silly audit   '@leichtgewicht/ip-codec': [ '2.0.5' ],
21 silly audit   '@mui/base': [ '5.0.0-beta.70' ],
21 silly audit   '@mui/utils': [ '6.4.9', '5.17.1' ],
21 silly audit   '@mui/core-downloads-tracker': [ '5.18.0' ],
21 silly audit   '@mui/icons-material': [ '5.18.0' ],
21 silly audit   '@mui/material': [ '5.18.0' ],
21 silly audit   '@mui/private-theming': [ '5.17.1' ],
21 silly audit   '@mui/styled-engine': [ '5.18.0' ],
21 silly audit   '@mui/system': [ '5.18.0' ],
21 silly audit   '@mui/types': [ '7.2.24' ],
21 silly audit   '@mui/x-date-pickers': [ '6.20.2' ],
21 silly audit   '@nicolo-ribaudo/eslint-scope-5-internals': [ '5.1.1-v1' ],
21 silly audit   'eslint-scope': [ '5.1.1', '7.2.2' ],
21 silly audit   estraverse: [ '4.3.0', '5.3.0' ],
21 silly audit   '@nodelib/fs.scandir': [ '2.1.5' ],
21 silly audit   '@nodelib/fs.stat': [ '2.0.5' ],
21 silly audit   '@nodelib/fs.walk': [ '1.2.8' ],
21 silly audit   '@pmmmwh/react-refresh-webpack-plugin': [ '0.5.17' ],
21 silly audit   '@popperjs/core': [ '2.11.8' ],
21 silly audit   '@protobufjs/aspromise': [ '1.1.2' ],
21 silly audit   '@protobufjs/base64': [ '1.1.2' ],
21 silly audit   '@protobufjs/codegen': [ '2.0.4' ],
21 silly audit   '@protobufjs/eventemitter': [ '1.1.0' ],
21 silly audit   '@protobufjs/fetch': [ '1.1.0' ],
21 silly audit   '@protobufjs/float': [ '1.0.2' ],
21 silly audit   '@protobufjs/inquire': [ '1.1.0' ],
21 silly audit   '@protobufjs/path': [ '1.1.2' ],
21 silly audit   '@protobufjs/pool': [ '1.1.0' ],
21 silly audit   '@protobufjs/utf8': [ '1.1.0' ],
21 silly audit   '@remix-run/router': [ '1.23.2' ],
21 silly audit   '@rollup/plugin-babel': [ '5.3.1' ],
21 silly audit   '@rollup/plugin-node-resolve': [ '11.2.1' ],
21 silly audit   '@rollup/plugin-replace': [ '2.4.2' ],
21 silly audit   '@rollup/pluginutils': [ '3.1.0' ],
21 silly audit   '@types/estree': [ '0.0.39', '1.0.8' ],
21 silly audit   '@rtsao/scc': [ '1.1.0' ],
21 silly audit   '@rushstack/eslint-patch': [ '1.15.0' ],
21 silly audit   '@sinclair/typebox': [ '0.24.51' ],
21 silly audit   '@sinonjs/commons': [ '1.8.6' ],
21 silly audit   '@sinonjs/fake-timers': [ '8.1.0' ],
21 silly audit   '@surma/rollup-plugin-off-main-thread': [ '2.2.3' ],
21 silly audit   '@svgr/babel-plugin-add-jsx-attribute': [ '5.4.0' ],
21 silly audit   '@svgr/babel-plugin-remove-jsx-attribute': [ '5.4.0' ],
21 silly audit   '@svgr/babel-plugin-remove-jsx-empty-expression': [ '5.0.1' ],
21 silly audit   '@svgr/babel-plugin-replace-jsx-attribute-value': [ '5.0.1' ],
21 silly audit   '@svgr/babel-plugin-svg-dynamic-title': [ '5.4.0' ],
21 silly audit   '@svgr/babel-plugin-svg-em-dimensions': [ '5.4.0' ],
21 silly audit   '@svgr/babel-plugin-transform-react-native-svg': [ '5.4.0' ],
21 silly audit   '@svgr/babel-plugin-transform-svg-component': [ '5.5.0' ],
21 silly audit   '@svgr/babel-preset': [ '5.5.0' ],
21 silly audit   '@svgr/core': [ '5.5.0' ],
21 silly audit   '@svgr/hast-util-to-babel-ast': [ '5.5.0' ],
21 silly audit   '@svgr/plugin-jsx': [ '5.5.0' ],
21 silly audit   '@svgr/plugin-svgo': [ '5.5.0' ],
21 silly audit   '@svgr/webpack': [ '5.5.0' ],
21 silly audit   '@tootallnate/once': [ '1.1.2' ],
21 silly audit   '@trysound/sax': [ '0.2.0' ],
21 silly audit   '@types/babel__core': [ '7.20.5' ],
21 silly audit   '@types/babel__generator': [ '7.27.0' ],
21 silly audit   '@types/babel__template': [ '7.4.4' ],
21 silly audit   '@types/babel__traverse': [ '7.28.0' ],
21 silly audit   '@types/body-parser': [ '1.19.6' ],
21 silly audit   '@types/bonjour': [ '3.5.13' ],
21 silly audit   '@types/connect': [ '3.4.38' ],
21 silly audit   '@types/connect-history-api-fallback': [ '1.5.4' ],
21 silly audit   '@types/d3-array': [ '3.2.2' ],
21 silly audit   '@types/d3-color': [ '3.1.3' ],
21 silly audit   '@types/d3-ease': [ '3.0.2' ],
21 silly audit   '@types/d3-interpolate': [ '3.0.4' ],
21 silly audit   '@types/d3-path': [ '3.1.1' ],
21 silly audit   '@types/d3-scale': [ '4.0.9' ],
21 silly audit   '@types/d3-shape': [ '3.1.8' ],
21 silly audit   '@types/d3-time': [ '3.0.4' ],
21 silly audit   '@types/d3-timer': [ '3.0.2' ],
21 silly audit   '@types/eslint': [ '8.56.12' ],
21 silly audit   '@types/eslint-scope': [ '3.7.7' ],
21 silly audit   '@types/express': [ '4.17.25' ],
21 silly audit   '@types/express-serve-static-core': [ '5.1.1', '4.19.8' ],
21 silly audit   '@types/graceful-fs': [ '4.1.9' ],
21 silly audit   '@types/html-minifier-terser': [ '6.1.0' ],
21 silly audit   '@types/http-errors': [ '2.0.5' ],
21 silly audit   '@types/http-proxy': [ '1.17.17' ],
21 silly audit   '@types/istanbul-lib-coverage': [ '2.0.6' ],
21 silly audit   '@types/istanbul-lib-report': [ '3.0.3' ],
21 silly audit   '@types/istanbul-reports': [ '3.0.4' ],
21 silly audit   '@types/json-schema': [ '7.0.15' ],
21 silly audit   '@types/json5': [ '0.0.29' ],
21 silly audit   '@types/mime': [ '1.3.5' ],
21 silly audit   '@types/node': [ '25.0.9' ],
21 silly audit   '@types/node-forge': [ '1.3.14' ],
21 silly audit   '@types/parse-json': [ '4.0.2' ],
21 silly audit   '@types/prettier': [ '2.7.3' ],
21 silly audit   '@types/prop-types': [ '15.7.15' ],
21 silly audit   '@types/q': [ '1.5.8' ],
21 silly audit   '@types/qs': [ '6.14.0' ],
21 silly audit   '@types/quill': [ '1.3.10' ],
21 silly audit   '@types/range-parser': [ '1.2.7' ],
21 silly audit   '@types/react': [ '19.2.8' ],
21 silly audit   '@types/react-transition-group': [ '4.4.12' ],
21 silly audit   '@types/resolve': [ '1.17.1' ],
21 silly audit   '@types/retry': [ '0.12.0' ],
21 silly audit   '@types/semver': [ '7.7.1' ],
21 silly audit   '@types/send': [ '1.2.1', '0.17.6' ],
21 silly audit   '@types/serve-index': [ '1.9.4' ],
21 silly audit   '@types/serve-static': [ '1.15.10' ],
21 silly audit   '@types/sockjs': [ '0.3.36' ],
21 silly audit   '@types/stack-utils': [ '2.0.3' ],
21 silly audit   '@types/trusted-types': [ '2.0.7' ],
21 silly audit   '@types/ws': [ '8.18.1' ],
21 silly audit   '@types/yargs': [ '16.0.11', '17.0.35' ],
21 silly audit   '@types/yargs-parser': [ '21.0.3' ],
21 silly audit   '@typescript-eslint/eslint-plugin': [ '5.62.0' ],
21 silly audit   '@typescript-eslint/experimental-utils': [ '5.62.0' ],
21 silly audit   '@typescript-eslint/parser': [ '5.62.0' ],
21 silly audit   '@typescript-eslint/scope-manager': [ '5.62.0' ],
21 silly audit   '@typescript-eslint/type-utils': [ '5.62.0' ],
21 silly audit   '@typescript-eslint/types': [ '5.62.0' ],
21 silly audit   '@typescript-eslint/typescript-estree': [ '5.62.0' ],
21 silly audit   '@typescript-eslint/utils': [ '5.62.0' ],
21 silly audit   '@typescript-eslint/visitor-keys': [ '5.62.0' ],
21 silly audit   '@ungap/structured-clone': [ '1.3.0' ],
21 silly audit   '@webassemblyjs/ast': [ '1.14.1' ],
21 silly audit   '@webassemblyjs/floating-point-hex-parser': [ '1.13.2' ],
21 silly audit   '@webassemblyjs/helper-api-error': [ '1.13.2' ],
21 silly audit   '@webassemblyjs/helper-buffer': [ '1.14.1' ],
21 silly audit   '@webassemblyjs/helper-numbers': [ '1.13.2' ],
21 silly audit   '@webassemblyjs/helper-wasm-bytecode': [ '1.13.2' ],
21 silly audit   '@webassemblyjs/helper-wasm-section': [ '1.14.1' ],
21 silly audit   '@webassemblyjs/ieee754': [ '1.13.2' ],
21 silly audit   '@webassemblyjs/leb128': [ '1.13.2' ],
21 silly audit   '@webassemblyjs/utf8': [ '1.13.2' ],
21 silly audit   '@webassemblyjs/wasm-edit': [ '1.14.1' ],
21 silly audit   '@webassemblyjs/wasm-gen': [ '1.14.1' ],
21 silly audit   '@webassemblyjs/wasm-opt': [ '1.14.1' ],
21 silly audit   '@webassemblyjs/wasm-parser': [ '1.14.1' ],
21 silly audit   '@webassemblyjs/wast-printer': [ '1.14.1' ],
21 silly audit   '@xtuc/ieee754': [ '1.2.0' ],
21 silly audit   '@xtuc/long': [ '4.2.2' ],
21 silly audit   abab: [ '2.0.6' ],
21 silly audit   accepts: [ '1.3.8' ],
21 silly audit   negotiator: [ '0.6.3', '0.6.4' ],
21 silly audit   acorn: [ '8.15.0', '7.4.1' ],
21 silly audit   'acorn-globals': [ '6.0.0' ],
21 silly audit   'acorn-import-phases': [ '1.0.4' ],
21 silly audit   'acorn-jsx': [ '5.3.2' ],
21 silly audit   'acorn-walk': [ '7.2.0' ],
21 silly audit   address: [ '1.2.2' ],
21 silly audit   'adjust-sourcemap-loader': [ '4.0.0' ],
21 silly audit   'agent-base': [ '6.0.2' ],
21 silly audit   ajv: [ '6.12.6', '8.17.1' ],
21 silly audit   'ajv-formats': [ '2.1.1' ],
21 silly audit   'json-schema-traverse': [ '1.0.0', '0.4.1' ],
21 silly audit   'ajv-keywords': [ '3.5.2', '5.1.0' ],
21 silly audit   'ansi-escapes': [ '4.3.2' ],
21 silly audit   'type-fest': [ '0.21.3', '0.16.0', '0.20.2' ],
21 silly audit   'ansi-html': [ '0.0.9' ],
21 silly audit   'ansi-html-community': [ '0.0.8' ],
21 silly audit   'ansi-regex': [ '5.0.1', '6.2.2' ],
21 silly audit   'ansi-styles': [ '4.3.0', '3.2.1', '5.2.0' ],
21 silly audit   'any-promise': [ '1.3.0' ],
21 silly audit   anymatch: [ '3.1.3' ],
21 silly audit   arg: [ '5.0.2' ],
21 silly audit   'aria-query': [ '5.3.2' ],
21 silly audit   'array-buffer-byte-length': [ '1.0.2' ],
21 silly audit   'array-flatten': [ '1.1.1' ],
21 silly audit   'array-includes': [ '3.1.9' ],
21 silly audit   'array-union': [ '2.1.0' ],
21 silly audit   'array.prototype.findlast': [ '1.2.5' ],
21 silly audit   'array.prototype.findlastindex': [ '1.2.6' ],
21 silly audit   'array.prototype.flat': [ '1.3.3' ],
21 silly audit   'array.prototype.flatmap': [ '1.3.3' ],
21 silly audit   'array.prototype.reduce': [ '1.0.8' ],
21 silly audit   'array.prototype.tosorted': [ '1.1.4' ],
21 silly audit   'arraybuffer.prototype.slice': [ '1.0.4' ],
21 silly audit   asap: [ '2.0.6' ],
21 silly audit   'ast-types-flow': [ '0.0.8' ],
21 silly audit   async: [ '3.2.6' ],
21 silly audit   'async-function': [ '1.0.0' ],
21 silly audit   asynckit: [ '0.4.0' ],
21 silly audit   'at-least-node': [ '1.0.0' ],
21 silly audit   autoprefixer: [ '10.4.23' ],
21 silly audit   'available-typed-arrays': [ '1.0.7' ],
21 silly audit   'axe-core': [ '4.11.1' ],
21 silly audit   'axobject-query': [ '4.1.0' ],
21 silly audit   'babel-jest': [ '27.5.1' ],
21 silly audit   'babel-loader': [ '8.4.1' ],
21 silly audit   'schema-utils': [ '2.7.1', '3.3.0', '2.7.0', '4.3.3' ],
21 silly audit   'babel-plugin-istanbul': [ '6.1.1' ],
21 silly audit   'babel-plugin-jest-hoist': [ '27.5.1' ],
21 silly audit   'babel-plugin-macros': [ '3.1.0' ],
21 silly audit   'babel-plugin-named-asset-import': [ '0.3.8' ],
21 silly audit   'babel-plugin-polyfill-corejs2': [ '0.4.14' ],
21 silly audit   'babel-plugin-polyfill-corejs3': [ '0.13.0' ],
21 silly audit   'babel-plugin-polyfill-regenerator': [ '0.6.5' ],
21 silly audit   'babel-plugin-transform-react-remove-prop-types': [ '0.4.24' ],
21 silly audit   'babel-preset-current-node-syntax': [ '1.2.0' ],
21 silly audit   'babel-preset-jest': [ '27.5.1' ],
21 silly audit   'babel-preset-react-app': [ '10.1.0' ],
21 silly audit   'balanced-match': [ '1.0.2' ],
21 silly audit   'baseline-browser-mapping': [ '2.9.15' ],
21 silly audit   batch: [ '0.6.1' ],
21 silly audit   bfj: [ '7.1.0' ],
21 silly audit   'big.js': [ '5.2.2' ],
21 silly audit   'binary-extensions': [ '2.3.0' ],
21 silly audit   bluebird: [ '3.7.2' ],
21 silly audit   'body-parser': [ '1.20.4' ],
21 silly audit   debug: [ '2.6.9', '4.4.3', '3.2.7' ],
21 silly audit   'iconv-lite': [ '0.4.24', '0.6.3' ],
21 silly audit   ms: [ '2.0.0', '2.1.3' ],
21 silly audit   'bonjour-service': [ '1.3.0' ],
21 silly audit   boolbase: [ '1.0.0' ],
21 silly audit   'brace-expansion': [ '1.1.12', '2.0.2' ],
21 silly audit   braces: [ '3.0.3' ],
21 silly audit   'browser-process-hrtime': [ '1.0.0' ],
21 silly audit   browserslist: [ '4.28.1' ],
21 silly audit   bser: [ '2.1.1' ],
21 silly audit   'buffer-from': [ '1.1.2' ],
21 silly audit   'builtin-modules': [ '3.3.0' ],
21 silly audit   bytes: [ '3.1.2' ],
21 silly audit   'call-bind': [ '1.0.8' ],
21 silly audit   'call-bind-apply-helpers': [ '1.0.2' ],
21 silly audit   'call-bound': [ '1.0.4' ],
21 silly audit   callsites: [ '3.1.0' ],
21 silly audit   'camel-case': [ '4.1.2' ],
21 silly audit   'camelcase-css': [ '2.0.1' ],
21 silly audit   'caniuse-api': [ '3.0.0' ],
21 silly audit   'caniuse-lite': [ '1.0.30001765' ],
21 silly audit   'case-sensitive-paths-webpack-plugin': [ '2.4.0' ],
21 silly audit   chalk: [ '4.1.2', '2.4.2' ],
21 silly audit   'char-regex': [ '1.0.2', '2.0.2' ],
21 silly audit   'check-types': [ '11.2.3' ],
21 silly audit   chokidar: [ '3.6.0' ],
21 silly audit   'glob-parent': [ '5.1.2', '6.0.2' ],
21 silly audit   'chrome-trace-event': [ '1.0.4' ],
21 silly audit   'ci-info': [ '3.9.0' ],
21 silly audit   'cjs-module-lexer': [ '1.4.3' ],
21 silly audit   'clean-css': [ '5.3.3' ],
21 silly audit   cliui: [ '8.0.1', '7.0.4' ],
21 silly audit   clone: [ '2.1.2' ],
21 silly audit   clsx: [ '2.1.1', '1.2.1' ],
21 silly audit   co: [ '4.6.0' ],
21 silly audit   coa: [ '2.0.2' ],
21 silly audit   'color-convert': [ '1.9.3', '2.0.1' ],
21 silly audit   'color-name': [ '1.1.3', '1.1.4' ],
21 silly audit   'escape-string-regexp': [ '1.0.5', '4.0.0', '2.0.0' ],
21 silly audit   'has-flag': [ '3.0.0', '4.0.0' ],
21 silly audit   'supports-color': [ '5.5.0', '8.1.1', '7.2.0' ],
21 silly audit   'collect-v8-coverage': [ '1.0.3' ],
21 silly audit   colord: [ '2.9.3' ],
21 silly audit   colorette: [ '2.0.20' ],
21 silly audit   'combined-stream': [ '1.0.8' ],
21 silly audit   commander: [ '8.3.0', '7.2.0', '4.1.1', '2.20.3' ],
21 silly audit   'common-tags': [ '1.8.2' ],
21 silly audit   commondir: [ '1.0.1' ],
21 silly audit   compressible: [ '2.0.18' ],
21 silly audit   compression: [ '1.8.1' ],
21 silly audit   'concat-map': [ '0.0.1' ],
21 silly audit   'confusing-browser-globals': [ '1.0.11' ],
21 silly audit   'connect-history-api-fallback': [ '2.0.0' ],
21 silly audit   'content-disposition': [ '0.5.4' ],
21 silly audit   'content-type': [ '1.0.5' ],
21 silly audit   cookie: [ '0.7.2' ],
21 silly audit   'cookie-signature': [ '1.0.7' ],
21 silly audit   'core-js': [ '3.47.0' ],
21 silly audit   'core-js-compat': [ '3.47.0' ],
21 silly audit   'core-js-pure': [ '3.47.0' ],
21 silly audit   'core-util-is': [ '1.0.3' ],
21 silly audit   cosmiconfig: [ '7.1.0', '6.0.0' ],
21 silly audit   'cross-spawn': [ '7.0.6' ],
21 silly audit   'crypto-random-string': [ '2.0.0' ],
21 silly audit   'css-blank-pseudo': [ '3.0.3' ],
21 silly audit   'css-declaration-sorter': [ '6.4.1' ],
21 silly audit   'css-has-pseudo': [ '3.0.4' ],
21 silly audit   'css-loader': [ '6.11.0' ],
21 silly audit   'css-minimizer-webpack-plugin': [ '3.4.1' ],
21 silly audit   'css-prefers-color-scheme': [ '6.0.3' ],
21 silly audit   'css-select': [ '4.3.0', '2.1.0' ],
21 silly audit   'css-select-base-adapter': [ '0.1.1' ],
21 silly audit   'css-tree': [ '1.0.0-alpha.37', '1.1.3' ],
21 silly audit   'css-what': [ '6.2.2', '3.4.2' ],
21 silly audit   cssdb: [ '7.11.2' ],
21 silly audit   cssesc: [ '3.0.0' ],
21 silly audit   cssnano: [ '5.1.15' ],
21 silly audit   'cssnano-preset-default': [ '5.2.14' ],
21 silly audit   'cssnano-utils': [ '3.1.0' ],
21 silly audit   csso: [ '4.2.0' ],
21 silly audit   'mdn-data': [ '2.0.14', '2.0.4' ],
21 silly audit   cssom: [ '0.4.4', '0.3.8' ],
21 silly audit   cssstyle: [ '2.3.0' ],
21 silly audit   csstype: [ '3.2.3' ],
21 silly audit   'd3-array': [ '3.2.4' ],
21 silly audit   'd3-color': [ '3.1.0' ],
21 silly audit   'd3-ease': [ '3.0.1' ],
21 silly audit   'd3-format': [ '3.1.2' ],
21 silly audit   'd3-interpolate': [ '3.0.1' ],
21 silly audit   'd3-path': [ '3.1.0' ],
21 silly audit   'd3-scale': [ '4.0.2' ],
21 silly audit   'd3-shape': [ '3.2.0' ],
21 silly audit   'd3-time': [ '3.1.0' ],
21 silly audit   'd3-time-format': [ '4.1.0' ],
21 silly audit   'd3-timer': [ '3.0.1' ],
21 silly audit   'damerau-levenshtein': [ '1.0.8' ],
21 silly audit   'data-urls': [ '2.0.0' ],
21 silly audit   'data-view-buffer': [ '1.0.2' ],
21 silly audit   'data-view-byte-length': [ '1.0.2' ],
21 silly audit   'data-view-byte-offset': [ '1.0.1' ],
21 silly audit   'decimal.js': [ '10.6.0' ],
21 silly audit   'decimal.js-light': [ '2.5.1' ],
21 silly audit   dedent: [ '0.7.0' ],
21 silly audit   'deep-equal': [ '1.1.2' ],
21 silly audit   'deep-is': [ '0.1.4' ],
21 silly audit   deepmerge: [ '4.3.1' ],
21 silly audit   'default-gateway': [ '6.0.3' ],
21 silly audit   'define-data-property': [ '1.1.4' ],
21 silly audit   'define-lazy-prop': [ '2.0.0' ],
21 silly audit   'define-properties': [ '1.2.1' ],
21 silly audit   'delayed-stream': [ '1.0.0' ],
21 silly audit   depd: [ '2.0.0', '1.1.2' ],
21 silly audit   destroy: [ '1.2.0' ],
21 silly audit   'detect-newline': [ '3.1.0' ],
21 silly audit   'detect-node': [ '2.1.0' ],
21 silly audit   'detect-port-alt': [ '1.1.6' ],
21 silly audit   didyoumean: [ '1.2.2' ],
21 silly audit   'diff-sequences': [ '27.5.1' ],
21 silly audit   'dir-glob': [ '3.0.1' ],
21 silly audit   dlv: [ '1.1.3' ],
21 silly audit   'dns-packet': [ '5.6.1' ],
21 silly audit   doctrine: [ '3.0.0', '2.1.0' ],
21 silly audit   'dom-converter': [ '0.2.0' ],
21 silly audit   'dom-helpers': [ '5.2.1' ],
21 silly audit   'dom-serializer': [ '1.4.1', '0.2.2' ],
21 silly audit   domelementtype: [ '2.3.0', '1.3.1' ],
21 silly audit   domexception: [ '2.0.1' ],
21 silly audit   'webidl-conversions': [ '5.0.0', '6.1.0', '4.0.2' ],
21 silly audit   domhandler: [ '4.3.1' ],
21 silly audit   domutils: [ '2.8.0', '1.7.0' ],
21 silly audit   'dot-case': [ '3.0.4' ],
21 silly audit   dotenv: [ '10.0.0' ],
21 silly audit   'dotenv-expand': [ '5.1.0' ],
21 silly audit   'dunder-proto': [ '1.0.1' ],
21 silly audit   duplexer: [ '0.1.2' ],
21 silly audit   'ee-first': [ '1.1.1' ],
21 silly audit   ejs: [ '3.1.10' ],
21 silly audit   'electron-to-chromium': [ '1.5.267' ],
21 silly audit   emittery: [ '0.8.1', '0.10.2' ],
21 silly audit   'emoji-regex': [ '9.2.2', '8.0.0' ],
21 silly audit   'emojis-list': [ '3.0.0' ],
21 silly audit   encodeurl: [ '2.0.0' ],
21 silly audit   'enhanced-resolve': [ '5.18.4' ],
21 silly audit   entities: [ '2.2.0' ],
21 silly audit   'error-ex': [ '1.3.4' ],
21 silly audit   'error-stack-parser': [ '2.1.4' ],
21 silly audit   'es-abstract': [ '1.24.1' ],
21 silly audit   'es-array-method-boxes-properly': [ '1.0.0' ],
21 silly audit   'es-define-property': [ '1.0.1' ],
21 silly audit   'es-errors': [ '1.3.0' ],
21 silly audit   'es-iterator-helpers': [ '1.2.2' ],
21 silly audit   'es-module-lexer': [ '2.0.0' ],
21 silly audit   'es-object-atoms': [ '1.1.1' ],
21 silly audit   'es-set-tostringtag': [ '2.1.0' ],
21 silly audit   'es-shim-unscopables': [ '1.1.0' ],
21 silly audit   'es-to-primitive': [ '1.3.0' ],
21 silly audit   escalade: [ '3.2.0' ],
21 silly audit   'escape-html': [ '1.0.3' ],
21 silly audit   escodegen: [ '2.1.0', '1.14.3' ],
21 silly audit   eslint: [ '8.57.1' ],
21 silly audit   'eslint-config-react-app': [ '7.0.1' ],
21 silly audit   'eslint-import-resolver-node': [ '0.3.9' ],
21 silly audit   'eslint-module-utils': [ '2.12.1' ],
21 silly audit   'eslint-plugin-flowtype': [ '8.0.3' ],
21 silly audit   'eslint-plugin-import': [ '2.32.0' ],
21 silly audit   'eslint-plugin-jest': [ '25.7.0' ],
21 silly audit   'eslint-plugin-jsx-a11y': [ '6.10.2' ],
21 silly audit   'eslint-plugin-react': [ '7.37.5' ],
21 silly audit   'eslint-plugin-react-hooks': [ '4.6.2' ],
21 silly audit   resolve: [ '2.0.0-next.5', '1.22.11' ],
21 silly audit   'eslint-plugin-testing-library': [ '5.11.1' ],
21 silly audit   'eslint-webpack-plugin': [ '3.2.0' ],
21 silly audit   'jest-worker': [ '28.1.3', '27.5.1', '26.6.2' ],
21 silly audit   'find-up': [ '5.0.0', '4.1.0', '3.0.0' ],
21 silly audit   'locate-path': [ '6.0.0', '5.0.0', '3.0.0' ],
21 silly audit   'p-limit': [ '3.1.0', '2.3.0' ],
21 silly audit   'p-locate': [ '5.0.0', '4.1.0', '3.0.0' ],
21 silly audit   espree: [ '9.6.1' ],
21 silly audit   esprima: [ '4.0.1', '1.2.2' ],
21 silly audit   esquery: [ '1.7.0' ],
21 silly audit   esrecurse: [ '4.3.0' ],
21 silly audit   'estree-walker': [ '1.0.1' ],
21 silly audit   esutils: [ '2.0.3' ],
21 silly audit   etag: [ '1.8.1' ],
21 silly audit   eventemitter3: [ '2.0.3', '4.0.7' ],
21 silly audit   events: [ '3.3.0' ],
21 silly audit   execa: [ '5.1.1' ],
21 silly audit   exit: [ '0.1.2' ],
21 silly audit   expect: [ '27.5.1' ],
21 silly audit   express: [ '4.22.1' ],
21 silly audit   extend: [ '3.0.2' ],
21 silly audit   'fast-deep-equal': [ '3.1.3' ],
21 silly audit   'fast-diff': [ '1.1.2' ],
21 silly audit   'fast-equals': [ '5.4.0' ],
21 silly audit   'fast-glob': [ '3.3.3' ],
21 silly audit   'fast-json-stable-stringify': [ '2.1.0' ],
21 silly audit   'fast-levenshtein': [ '2.0.6' ],
21 silly audit   'fast-uri': [ '3.1.0' ],
21 silly audit   fastq: [ '1.20.1' ],
21 silly audit   'faye-websocket': [ '0.11.4' ],
21 silly audit   'fb-watchman': [ '2.0.2' ],
21 silly audit   'file-entry-cache': [ '6.0.1' ],
21 silly audit   'file-loader': [ '6.2.0' ],
21 silly audit   filelist: [ '1.0.4' ],
21 silly audit   minimatch: [ '5.1.6', '3.1.2' ],
21 silly audit   filesize: [ '8.0.7' ],
21 silly audit   'fill-range': [ '7.1.1' ],
21 silly audit   finalhandler: [ '1.3.2' ],
21 silly audit   'find-cache-dir': [ '3.3.2' ],
21 silly audit   'find-root': [ '1.1.0' ],
21 silly audit   firebase: [ '10.14.1' ],
21 silly audit   'flat-cache': [ '3.2.0' ],
21 silly audit   flatted: [ '3.3.3' ],
21 silly audit   'follow-redirects': [ '1.15.11' ],
21 silly audit   'for-each': [ '0.3.5' ],
21 silly audit   'fork-ts-checker-webpack-plugin': [ '6.5.3' ],
21 silly audit   'fs-extra': [ '9.1.0', '10.1.0' ],
21 silly audit   tapable: [ '1.1.3', '2.3.0' ],
21 silly audit   'form-data': [ '3.0.4' ],
21 silly audit   forwarded: [ '0.2.0' ],
21 silly audit   'fraction.js': [ '5.3.4' ],
21 silly audit   fresh: [ '0.5.2' ],
21 silly audit   'fs-monkey': [ '1.1.0' ],
21 silly audit   'fs.realpath': [ '1.0.0' ],
21 silly audit   fsevents: [ '2.3.3' ],
21 silly audit   'function-bind': [ '1.1.2' ],
21 silly audit   'function.prototype.name': [ '1.1.8' ],
21 silly audit   'functions-have-names': [ '1.2.3' ],
21 silly audit   'generator-function': [ '2.0.1' ],
21 silly audit   gensync: [ '1.0.0-beta.2' ],
21 silly audit   'get-caller-file': [ '2.0.5' ],
21 silly audit   'get-intrinsic': [ '1.3.0' ],
21 silly audit   'get-own-enumerable-property-symbols': [ '3.0.2' ],
21 silly audit   'get-package-type': [ '0.1.0' ],
21 silly audit   'get-proto': [ '1.0.1' ],
21 silly audit   'get-stream': [ '6.0.1' ],
21 silly audit   'get-symbol-description': [ '1.1.0' ],
21 silly audit   glob: [ '7.2.3' ],
21 silly audit   'glob-to-regexp': [ '0.4.1' ],
21 silly audit   'global-modules': [ '2.0.0' ],
21 silly audit   'global-prefix': [ '3.0.0' ],
21 silly audit   which: [ '1.3.1', '2.0.2' ],
21 silly audit   globals: [ '13.24.0' ],
21 silly audit   globalthis: [ '1.0.4' ],
21 silly audit   globby: [ '11.1.0' ],
21 silly audit   gopd: [ '1.2.0' ],
21 silly audit   'graceful-fs': [ '4.2.11' ],
21 silly audit   graphemer: [ '1.4.0' ],
21 silly audit   'gzip-size': [ '6.0.0' ],
21 silly audit   'handle-thing': [ '2.0.1' ],
21 silly audit   'harmony-reflect': [ '1.6.2' ],
21 silly audit   'has-bigints': [ '1.1.0' ],
21 silly audit   'has-property-descriptors': [ '1.0.2' ],
21 silly audit   'has-proto': [ '1.2.0' ],
21 silly audit   'has-symbols': [ '1.1.0' ],
21 silly audit   'has-tostringtag': [ '1.0.2' ],
21 silly audit   hasown: [ '2.0.2' ],
21 silly audit   he: [ '1.2.0' ],
21 silly audit   'hoist-non-react-statics': [ '3.3.2' ],
21 silly audit   'react-is': [ '16.13.1', '18.3.1', '17.0.2', '19.2.3' ],
21 silly audit   hoopy: [ '0.1.4' ],
21 silly audit   'hpack.js': [ '2.1.6' ],
21 silly audit   isarray: [ '1.0.0', '2.0.5' ],
21 silly audit   'readable-stream': [ '2.3.8', '3.6.2' ],
21 silly audit   'safe-buffer': [ '5.1.2', '5.2.1' ],
21 silly audit   string_decoder: [ '1.1.1', '1.3.0' ],
21 silly audit   'html-encoding-sniffer': [ '2.0.1' ],
21 silly audit   'html-entities': [ '2.6.0' ],
21 silly audit   'html-escaper': [ '2.0.2' ],
21 silly audit   'html-minifier-terser': [ '6.1.0' ],
21 silly audit   'html-webpack-plugin': [ '5.6.6' ],
21 silly audit   htmlparser2: [ '6.1.0' ],
21 silly audit   'http-deceiver': [ '1.2.7' ],
21 silly audit   'http-errors': [ '2.0.1', '1.6.3' ],
21 silly audit   'http-parser-js': [ '0.5.10' ],
21 silly audit   'http-proxy': [ '1.18.1' ],
21 silly audit   'http-proxy-agent': [ '4.0.1' ],
21 silly audit   'http-proxy-middleware': [ '2.0.9' ],
21 silly audit   'https-proxy-agent': [ '5.0.1' ],
21 silly audit   'human-signals': [ '2.1.0' ],
21 silly audit   'icss-utils': [ '5.1.0' ],
21 silly audit   idb: [ '7.1.1' ],
21 silly audit   'identity-obj-proxy': [ '3.0.0' ],
21 silly audit   ignore: [ '5.3.2' ],
21 silly audit   immer: [ '9.0.21' ],
21 silly audit   'import-fresh': [ '3.3.1' ],
21 silly audit   'import-local': [ '3.2.0' ],
21 silly audit   imurmurhash: [ '0.1.4' ],
21 silly audit   inflight: [ '1.0.6' ],
21 silly audit   inherits: [ '2.0.4', '2.0.3' ],
21 silly audit   ini: [ '1.3.8' ],
21 silly audit   'internal-slot': [ '1.1.0' ],
21 silly audit   internmap: [ '2.0.3' ],
21 silly audit   'ipaddr.js': [ '2.3.0', '1.9.1' ],
21 silly audit   'is-arguments': [ '1.2.0' ],
21 silly audit   'is-array-buffer': [ '3.0.5' ],
21 silly audit   'is-arrayish': [ '0.2.1' ],
21 silly audit   'is-async-function': [ '2.1.1' ],
21 silly audit   'is-bigint': [ '1.1.0' ],
21 silly audit   'is-binary-path': [ '2.1.0' ],
21 silly audit   'is-boolean-object': [ '1.2.2' ],
21 silly audit   'is-callable': [ '1.2.7' ],
21 silly audit   'is-core-module': [ '2.16.1' ],
21 silly audit   'is-data-view': [ '1.0.2' ],
21 silly audit   'is-date-object': [ '1.1.0' ],
21 silly audit   'is-docker': [ '2.2.1' ],
21 silly audit   'is-extglob': [ '2.1.1' ],
21 silly audit   'is-finalizationregistry': [ '1.1.1' ],
21 silly audit   'is-fullwidth-code-point': [ '3.0.0' ],
21 silly audit   'is-generator-fn': [ '2.1.0' ],
21 silly audit   'is-generator-function': [ '1.1.2' ],
21 silly audit   'is-glob': [ '4.0.3' ],
21 silly audit   'is-map': [ '2.0.3' ],
21 silly audit   'is-module': [ '1.0.0' ],
21 silly audit   'is-negative-zero': [ '2.0.3' ],
21 silly audit   'is-number': [ '7.0.0' ],
21 silly audit   'is-number-object': [ '1.1.1' ],
21 silly audit   'is-obj': [ '1.0.1' ],
21 silly audit   'is-path-inside': [ '3.0.3' ],
21 silly audit   'is-plain-obj': [ '3.0.0' ],
21 silly audit   'is-potential-custom-element-name': [ '1.0.1' ],
21 silly audit   'is-regex': [ '1.2.1' ],
21 silly audit   'is-regexp': [ '1.0.0' ],
21 silly audit   'is-root': [ '2.1.0' ],
21 silly audit   'is-set': [ '2.0.3' ],
21 silly audit   'is-shared-array-buffer': [ '1.0.4' ],
21 silly audit   'is-stream': [ '2.0.1' ],
21 silly audit   'is-string': [ '1.1.1' ],
21 silly audit   'is-symbol': [ '1.1.1' ],
21 silly audit   'is-typed-array': [ '1.1.15' ],
21 silly audit   'is-typedarray': [ '1.0.0' ],
21 silly audit   'is-weakmap': [ '2.0.2' ],
21 silly audit   'is-weakref': [ '1.1.1' ],
21 silly audit   'is-weakset': [ '2.0.4' ],
21 silly audit   'is-wsl': [ '2.2.0' ],
21 silly audit   isexe: [ '2.0.0' ],
21 silly audit   'istanbul-lib-coverage': [ '3.2.2' ],
21 silly audit   'istanbul-lib-instrument': [ '5.2.1' ],
21 silly audit   'istanbul-lib-report': [ '3.0.1' ],
21 silly audit   'make-dir': [ '4.0.0', '3.1.0' ],
21 silly audit   'istanbul-lib-source-maps': [ '4.0.1' ],
21 silly audit   'istanbul-reports': [ '3.2.0' ],
21 silly audit   'iterator.prototype': [ '1.1.5' ],
21 silly audit   jake: [ '10.9.4' ],
21 silly audit   jest: [ '27.5.1' ],
21 silly audit   'jest-changed-files': [ '27.5.1' ],
21 silly audit   'jest-circus': [ '27.5.1' ],
21 silly audit   'jest-cli': [ '27.5.1' ],
21 silly audit   yargs: [ '16.2.0', '17.7.2' ],
21 silly audit   'yargs-parser': [ '20.2.9', '21.1.1' ],
21 silly audit   'jest-config': [ '27.5.1' ],
21 silly audit   'jest-diff': [ '27.5.1' ],
21 silly audit   'jest-docblock': [ '27.5.1' ],
21 silly audit   'jest-each': [ '27.5.1' ],
21 silly audit   'jest-environment-jsdom': [ '27.5.1' ],
21 silly audit   'jest-environment-node': [ '27.5.1' ],
21 silly audit   'jest-get-type': [ '27.5.1' ],
21 silly audit   'jest-haste-map': [ '27.5.1' ],
21 silly audit   'jest-jasmine2': [ '27.5.1' ],
21 silly audit   'jest-leak-detector': [ '27.5.1' ],
21 silly audit   'jest-matcher-utils': [ '27.5.1' ],
21 silly audit   'jest-message-util': [ '27.5.1', '28.1.3' ],
21 silly audit   'jest-mock': [ '27.5.1' ],
21 silly audit   'jest-pnp-resolver': [ '1.2.3' ],
21 silly audit   'jest-regex-util': [ '27.5.1', '28.0.2' ],
21 silly audit   'jest-resolve': [ '27.5.1' ],
21 silly audit   'jest-resolve-dependencies': [ '27.5.1' ],
21 silly audit   'jest-runner': [ '27.5.1' ],
21 silly audit   'jest-runtime': [ '27.5.1' ],
21 silly audit   'jest-serializer': [ '27.5.1' ],
21 silly audit   'jest-snapshot': [ '27.5.1' ],
21 silly audit   'jest-util': [ '27.5.1', '28.1.3' ],
21 silly audit   'jest-validate': [ '27.5.1' ],
21 silly audit   'jest-watch-typeahead': [ '1.1.0' ],
21 silly audit   slash: [ '3.0.0', '4.0.0' ],
21 silly audit   'jest-watcher': [ '28.1.3', '27.5.1' ],
21 silly audit   'string-length': [ '4.0.2', '5.0.1' ],
21 silly audit   'strip-ansi': [ '6.0.1', '7.1.2' ],
21 silly audit   'pretty-format': [ '28.1.3', '27.5.1' ],
21 silly audit   jiti: [ '1.21.7' ],
21 silly audit   'js-tokens': [ '4.0.0' ],
21 silly audit   jsdom: [ '16.7.0' ],
21 silly audit   jsesc: [ '3.1.0' ],
21 silly audit   'json-buffer': [ '3.0.1' ],
21 silly audit   'json-parse-even-better-errors': [ '2.3.1' ],
21 silly audit   'json-schema': [ '0.4.0' ],
21 silly audit   'json-stable-stringify-without-jsonify': [ '1.0.1' ],
21 silly audit   json5: [ '2.2.3', '1.0.2' ],
21 silly audit   jsonfile: [ '6.2.0' ],
21 silly audit   jsonpath: [ '1.1.1' ],
21 silly audit   jsonpointer: [ '5.0.1' ],
21 silly audit   'jsx-ast-utils': [ '3.3.5' ],
21 silly audit   keyv: [ '4.5.4' ],
21 silly audit   'kind-of': [ '6.0.3' ],
21 silly audit   kleur: [ '3.0.3' ],
21 silly audit   klona: [ '2.0.6' ],
21 silly audit   'language-subtag-registry': [ '0.3.23' ],
21 silly audit   'language-tags': [ '1.0.9' ],
21 silly audit   'launch-editor': [ '2.12.0' ],
21 silly audit   leven: [ '3.1.0' ],
21 silly audit   levn: [ '0.4.1', '0.3.0' ],
21 silly audit   lilconfig: [ '2.1.0', '3.1.3' ],
21 silly audit   'lines-and-columns': [ '1.2.4' ],
21 silly audit   'loader-runner': [ '4.3.1' ],
21 silly audit   'loader-utils': [ '2.0.4', '3.3.1' ],
21 silly audit   lodash: [ '4.17.21' ],
21 silly audit   'lodash.camelcase': [ '4.3.0' ],
21 silly audit   'lodash.debounce': [ '4.0.8' ],
21 silly audit   'lodash.memoize': [ '4.1.2' ],
21 silly audit   'lodash.merge': [ '4.6.2' ],
21 silly audit   'lodash.sortby': [ '4.7.0' ],
21 silly audit   'lodash.uniq': [ '4.5.0' ],
21 silly audit   long: [ '5.3.2' ],
21 silly audit   'loose-envify': [ '1.4.0' ],
21 silly audit   'lower-case': [ '2.0.2' ],
21 silly audit   'lru-cache': [ '5.1.1' ],
21 silly audit   'magic-string': [ '0.25.9' ],
21 silly audit   makeerror: [ '1.0.12' ],
21 silly audit   'math-intrinsics': [ '1.1.0' ],
21 silly audit   'media-typer': [ '0.3.0' ],
21 silly audit   memfs: [ '3.5.3' ],
21 silly audit   'merge-descriptors': [ '1.0.3' ],
21 silly audit   'merge-stream': [ '2.0.0' ],
21 silly audit   merge2: [ '1.4.1' ],
21 silly audit   methods: [ '1.1.2' ],
21 silly audit   micromatch: [ '4.0.8' ],
21 silly audit   mime: [ '1.6.0' ],
21 silly audit   'mime-db': [ '1.52.0' ],
21 silly audit   'mime-types': [ '2.1.35' ],
21 silly audit   'mimic-fn': [ '2.1.0' ],
21 silly audit   'mini-css-extract-plugin': [ '2.10.0' ],
21 silly audit   'minimalistic-assert': [ '1.0.1' ],
21 silly audit   minimist: [ '1.2.8' ],
21 silly audit   mkdirp: [ '0.5.6' ],
21 silly audit   'multicast-dns': [ '7.2.5' ],
21 silly audit   mz: [ '2.7.0' ],
21 silly audit   nanoid: [ '3.3.11' ],
21 silly audit   'natural-compare': [ '1.4.0' ],
21 silly audit   'natural-compare-lite': [ '1.4.0' ],
21 silly audit   'neo-async': [ '2.6.2' ],
21 silly audit   'no-case': [ '3.0.4' ],
21 silly audit   'node-forge': [ '1.3.3' ],
21 silly audit   'node-int64': [ '0.4.0' ],
21 silly audit   'node-releases': [ '2.0.27' ],
21 silly audit   'normalize-path': [ '3.0.0' ],
21 silly audit   'normalize-url': [ '6.1.0' ],
21 silly audit   'npm-run-path': [ '4.0.1' ],
21 silly audit   'nth-check': [ '2.1.1', '1.0.2' ],
21 silly audit   nwsapi: [ '2.2.23' ],
21 silly audit   'object-assign': [ '4.1.1' ],
21 silly audit   'object-hash': [ '3.0.0' ],
21 silly audit   'object-inspect': [ '1.13.4' ],
21 silly audit   'object-is': [ '1.1.6' ],
21 silly audit   'object-keys': [ '1.1.1' ],
21 silly audit   'object.assign': [ '4.1.7' ],
21 silly audit   'object.entries': [ '1.1.9' ],
21 silly audit   'object.fromentries': [ '2.0.8' ],
21 silly audit   'object.getownpropertydescriptors': [ '2.1.9' ],
21 silly audit   'object.groupby': [ '1.0.3' ],
21 silly audit   'object.values': [ '1.2.1' ],
21 silly audit   obuf: [ '1.1.2' ],
21 silly audit   'on-finished': [ '2.4.1' ],
21 silly audit   'on-headers': [ '1.1.0' ],
21 silly audit   once: [ '1.4.0' ],
21 silly audit   onetime: [ '5.1.2' ],
21 silly audit   open: [ '8.4.2' ],
21 silly audit   optionator: [ '0.9.4', '0.8.3' ],
21 silly audit   'own-keys': [ '1.0.1' ],
21 silly audit   'p-retry': [ '4.6.2' ],
21 silly audit   'p-try': [ '2.2.0' ],
21 silly audit   'param-case': [ '3.0.4' ],
21 silly audit   parchment: [ '1.1.4' ],
21 silly audit   'parent-module': [ '1.0.1' ],
21 silly audit   'parse-json': [ '5.2.0' ],
21 silly audit   parse5: [ '6.0.1' ],
21 silly audit   parseurl: [ '1.3.3' ],
21 silly audit   'pascal-case': [ '3.1.2' ],
21 silly audit   'path-exists': [ '4.0.0', '3.0.0' ],
21 silly audit   'path-is-absolute': [ '1.0.1' ],
21 silly audit   'path-key': [ '3.1.1' ],
21 silly audit   'path-parse': [ '1.0.7' ],
21 silly audit   'path-to-regexp': [ '0.1.12' ],
21 silly audit   'path-type': [ '4.0.0' ],
21 silly audit   'performance-now': [ '2.1.0' ],
21 silly audit   picocolors: [ '1.1.1', '0.2.1' ],
21 silly audit   picomatch: [ '2.3.1', '4.0.3' ],
21 silly audit   pify: [ '2.3.0' ],
21 silly audit   pirates: [ '4.0.7' ],
21 silly audit   'pkg-dir': [ '4.2.0' ],
21 silly audit   'pkg-up': [ '3.1.0' ],
21 silly audit   'possible-typed-array-names': [ '1.1.0' ],
21 silly audit   postcss: [ '8.5.6', '7.0.39' ],
21 silly audit   'postcss-attribute-case-insensitive': [ '5.0.2' ],
21 silly audit   'postcss-browser-comments': [ '4.0.0' ],
21 silly audit   'postcss-calc': [ '8.2.4' ],
21 silly audit   'postcss-clamp': [ '4.1.0' ],
21 silly audit   'postcss-color-functional-notation': [ '4.2.4' ],
21 silly audit   'postcss-color-hex-alpha': [ '8.0.4' ],
21 silly audit   'postcss-color-rebeccapurple': [ '7.1.1' ],
21 silly audit   'postcss-colormin': [ '5.3.1' ],
21 silly audit   'postcss-convert-values': [ '5.1.3' ],
21 silly audit   'postcss-custom-media': [ '8.0.2' ],
21 silly audit   'postcss-custom-properties': [ '12.1.11' ],
21 silly audit   'postcss-custom-selectors': [ '6.0.3' ],
21 silly audit   'postcss-dir-pseudo-class': [ '6.0.5' ],
21 silly audit   'postcss-discard-comments': [ '5.1.2' ],
21 silly audit   'postcss-discard-duplicates': [ '5.1.0' ],
21 silly audit   'postcss-discard-empty': [ '5.1.1' ],
21 silly audit   'postcss-discard-overridden': [ '5.1.0' ],
21 silly audit   'postcss-double-position-gradients': [ '3.1.2' ],
21 silly audit   'postcss-env-function': [ '4.0.6' ],
21 silly audit   'postcss-flexbugs-fixes': [ '5.0.2' ],
21 silly audit   'postcss-focus-visible': [ '6.0.4' ],
21 silly audit   'postcss-focus-within': [ '5.0.4' ],
21 silly audit   'postcss-font-variant': [ '5.0.0' ],
21 silly audit   'postcss-gap-properties': [ '3.0.5' ],
21 silly audit   'postcss-image-set-function': [ '4.0.7' ],
21 silly audit   'postcss-import': [ '15.1.0' ],
21 silly audit   'postcss-initial': [ '4.0.1' ],
21 silly audit   'postcss-js': [ '4.1.0' ],
21 silly audit   'postcss-lab-function': [ '4.2.1' ],
21 silly audit   'postcss-loader': [ '6.2.1' ],
21 silly audit   'postcss-logical': [ '5.0.4' ],
21 silly audit   'postcss-media-minmax': [ '5.0.0' ],
21 silly audit   'postcss-merge-longhand': [ '5.1.7' ],
21 silly audit   'postcss-merge-rules': [ '5.1.4' ],
21 silly audit   'postcss-minify-font-values': [ '5.1.0' ],
21 silly audit   'postcss-minify-gradients': [ '5.1.1' ],
21 silly audit   'postcss-minify-params': [ '5.1.4' ],
21 silly audit   'postcss-minify-selectors': [ '5.2.1' ],
21 silly audit   'postcss-modules-extract-imports': [ '3.1.0' ],
21 silly audit   'postcss-modules-local-by-default': [ '4.2.0' ],
21 silly audit   'postcss-selector-parser': [ '7.1.1', '6.1.2' ],
21 silly audit   'postcss-modules-scope': [ '3.2.1' ],
21 silly audit   'postcss-modules-values': [ '4.0.0' ],
21 silly audit   'postcss-nested': [ '6.2.0' ],
21 silly audit   'postcss-nesting': [ '10.2.0' ],
21 silly audit   'postcss-normalize': [ '10.0.1' ],
21 silly audit   'postcss-normalize-charset': [ '5.1.0' ],
21 silly audit   'postcss-normalize-display-values': [ '5.1.0' ],
21 silly audit   'postcss-normalize-positions': [ '5.1.1' ],
21 silly audit   'postcss-normalize-repeat-style': [ '5.1.1' ],
21 silly audit   'postcss-normalize-string': [ '5.1.0' ],
21 silly audit   'postcss-normalize-timing-functions': [ '5.1.0' ],
21 silly audit   'postcss-normalize-unicode': [ '5.1.1' ],
21 silly audit   'postcss-normalize-url': [ '5.1.0' ],
21 silly audit   'postcss-normalize-whitespace': [ '5.1.1' ],
21 silly audit   'postcss-opacity-percentage': [ '1.1.3' ],
21 silly audit   'postcss-ordered-values': [ '5.1.3' ],
21 silly audit   'postcss-overflow-shorthand': [ '3.0.4' ],
21 silly audit   'postcss-page-break': [ '3.0.4' ],
21 silly audit   'postcss-place': [ '7.0.5' ],
21 silly audit   'postcss-preset-env': [ '7.8.3' ],
21 silly audit   'postcss-pseudo-class-any-link': [ '7.1.6' ],
21 silly audit   'postcss-reduce-initial': [ '5.1.2' ],
21 silly audit   'postcss-reduce-transforms': [ '5.1.0' ],
21 silly audit   'postcss-replace-overflow-wrap': [ '4.0.0' ],
21 silly audit   'postcss-selector-not': [ '6.0.1' ],
21 silly audit   'postcss-svgo': [ '5.1.0' ],
21 silly audit   svgo: [ '2.8.0', '1.3.2' ],
21 silly audit   'postcss-unique-selectors': [ '5.1.1' ],
21 silly audit   'postcss-value-parser': [ '4.2.0' ],
21 silly audit   'prelude-ls': [ '1.2.1', '1.1.2' ],
21 silly audit   'pretty-bytes': [ '5.6.0' ],
21 silly audit   'pretty-error': [ '4.0.0' ],
21 silly audit   'process-nextick-args': [ '2.0.1' ],
21 silly audit   promise: [ '8.3.0' ],
21 silly audit   prompts: [ '2.4.2' ],
21 silly audit   'prop-types': [ '15.8.1' ],
21 silly audit   protobufjs: [ '7.5.4' ],
21 silly audit   'proxy-addr': [ '2.0.7' ],
21 silly audit   psl: [ '1.15.0' ],
21 silly audit   punycode: [ '2.3.1' ],
21 silly audit   q: [ '1.5.1' ],
21 silly audit   qs: [ '6.14.1' ],
21 silly audit   querystringify: [ '2.2.0' ],
21 silly audit   'queue-microtask': [ '1.2.3' ],
21 silly audit   quill: [ '1.3.7' ],
21 silly audit   'quill-delta': [ '3.6.3' ],
21 silly audit   raf: [ '3.4.1' ],
21 silly audit   randombytes: [ '2.1.0' ],
21 silly audit   'range-parser': [ '1.2.1' ],
21 silly audit   'raw-body': [ '2.5.3' ],
21 silly audit   react: [ '18.3.1' ],
21 silly audit   'react-app-polyfill': [ '3.0.0' ],
21 silly audit   'react-dev-utils': [ '12.0.1' ],
21 silly audit   'react-dom': [ '18.3.1' ],
21 silly audit   'react-error-overlay': [ '6.1.0' ],
21 silly audit   'react-quill': [ '2.0.0' ],
21 silly audit   'react-refresh': [ '0.11.0' ],
21 silly audit   'react-router': [ '6.30.3' ],
21 silly audit   'react-router-dom': [ '6.30.3' ],
21 silly audit   'react-scripts': [ '5.0.1' ],
21 silly audit   'react-smooth': [ '4.0.4' ],
21 silly audit   'react-toastify': [ '9.1.3' ],
21 silly audit   'react-transition-group': [ '4.4.5' ],
21 silly audit   'read-cache': [ '1.0.0' ],
21 silly audit   readdirp: [ '3.6.0' ],
21 silly audit   recharts: [ '2.15.4' ],
21 silly audit   'recharts-scale': [ '0.4.5' ],
21 silly audit   'recursive-readdir': [ '2.2.3' ],
21 silly audit   'reflect.getprototypeof': [ '1.0.10' ],
21 silly audit   regenerate: [ '1.4.2' ],
21 silly audit   'regenerate-unicode-properties': [ '10.2.2' ],
21 silly audit   'regenerator-runtime': [ '0.13.11' ],
21 silly audit   'regex-parser': [ '2.3.1' ],
21 silly audit   'regexp.prototype.flags': [ '1.5.4' ],
21 silly audit   'regexpu-core': [ '6.4.0' ],
21 silly audit   regjsgen: [ '0.8.0' ],
21 silly audit   regjsparser: [ '0.13.0' ],
21 silly audit   relateurl: [ '0.2.7' ],
21 silly audit   renderkid: [ '3.0.0' ],
21 silly audit   'require-directory': [ '2.1.1' ],
21 silly audit   'require-from-string': [ '2.0.2' ],
21 silly audit   'requires-port': [ '1.0.0' ],
21 silly audit   'resolve-cwd': [ '3.0.0' ],
21 silly audit   'resolve-url-loader': [ '4.0.0' ],
21 silly audit   'resolve.exports': [ '1.1.1' ],
21 silly audit   retry: [ '0.13.1' ],
21 silly audit   reusify: [ '1.1.0' ],
21 silly audit   rimraf: [ '3.0.2' ],
21 silly audit   rollup: [ '2.79.2' ],
21 silly audit   'rollup-plugin-terser': [ '7.0.2' ],
21 silly audit   'serialize-javascript': [ '4.0.0', '6.0.2' ],
21 silly audit   'run-parallel': [ '1.2.0' ],
21 silly audit   'safe-array-concat': [ '1.1.3' ],
21 silly audit   'safe-push-apply': [ '1.0.0' ],
21 silly audit   'safe-regex-test': [ '1.1.0' ],
21 silly audit   'safer-buffer': [ '2.1.2' ],
21 silly audit   'sanitize.css': [ '13.0.0' ],
21 silly audit   'sass-loader': [ '12.6.0' ],
21 silly audit   sax: [ '1.2.4' ],
21 silly audit   saxes: [ '5.0.1' ],
21 silly audit   scheduler: [ '0.23.2' ],
21 silly audit   'select-hose': [ '2.0.0' ],
21 silly audit   selfsigned: [ '2.4.1' ],
21 silly audit   send: [ '0.19.2' ],
21 silly audit   'serve-index': [ '1.9.1' ],
21 silly audit   setprototypeof: [ '1.1.0', '1.2.0' ],
21 silly audit   statuses: [ '1.5.0', '2.0.2' ],
21 silly audit   'serve-static': [ '1.16.3' ],
21 silly audit   'set-function-length': [ '1.2.2' ],
21 silly audit   'set-function-name': [ '2.0.2' ],
21 silly audit   'set-proto': [ '1.0.0' ],
21 silly audit   'shebang-command': [ '2.0.0' ],
21 silly audit   'shebang-regex': [ '3.0.0' ],
21 silly audit   'shell-quote': [ '1.8.3' ],
21 silly audit   'side-channel': [ '1.1.0' ],
21 silly audit   'side-channel-list': [ '1.0.0' ],
21 silly audit   'side-channel-map': [ '1.0.1' ],
21 silly audit   'side-channel-weakmap': [ '1.0.2' ],
21 silly audit   'signal-exit': [ '3.0.7' ],
21 silly audit   sisteransi: [ '1.0.5' ],
21 silly audit   sockjs: [ '0.3.24' ],
21 silly audit   'source-list-map': [ '2.0.1' ],
21 silly audit   'source-map-js': [ '1.2.1' ],
21 silly audit   'source-map-loader': [ '3.0.2' ],
21 silly audit   'source-map-support': [ '0.5.21' ],
21 silly audit   'sourcemap-codec': [ '1.4.8' ],
21 silly audit   spdy: [ '4.0.2' ],
21 silly audit   'spdy-transport': [ '3.0.0' ],
21 silly audit   'sprintf-js': [ '1.0.3' ],
21 silly audit   stable: [ '0.1.8' ],
21 silly audit   'stack-utils': [ '2.0.6' ],
21 silly audit   stackframe: [ '1.3.4' ],
21 silly audit   'static-eval': [ '2.0.2' ],
21 silly audit   'type-check': [ '0.3.2', '0.4.0' ],
21 silly audit   'stop-iteration-iterator': [ '1.1.0' ],
21 silly audit   'string-natural-compare': [ '3.0.1' ],
21 silly audit   'string-width': [ '4.2.3' ],
21 silly audit   'string.prototype.includes': [ '2.0.1' ],
21 silly audit   'string.prototype.matchall': [ '4.0.12' ],
21 silly audit   'string.prototype.repeat': [ '1.0.0' ],
21 silly audit   'string.prototype.trim': [ '1.2.10' ],
21 silly audit   'string.prototype.trimend': [ '1.0.9' ],
21 silly audit   'string.prototype.trimstart': [ '1.0.8' ],
21 silly audit   'stringify-object': [ '3.3.0' ],
21 silly audit   'strip-bom': [ '4.0.0', '3.0.0' ],
21 silly audit   'strip-comments': [ '2.0.1' ],
21 silly audit   'strip-final-newline': [ '2.0.0' ],
21 silly audit   'strip-json-comments': [ '3.1.1' ],
21 silly audit   'style-loader': [ '3.3.4' ],
21 silly audit   stylehacks: [ '5.1.1' ],
21 silly audit   stylis: [ '4.2.0' ],
21 silly audit   sucrase: [ '3.35.1' ],
21 silly audit   'supports-hyperlinks': [ '2.3.0' ],
21 silly audit   'supports-preserve-symlinks-flag': [ '1.0.0' ],
21 silly audit   'svg-parser': [ '2.0.4' ],
21 silly audit   'symbol-tree': [ '3.2.4' ],
21 silly audit   tailwindcss: [ '3.4.19' ],
21 silly audit   'postcss-load-config': [ '6.0.1' ],
21 silly audit   yaml: [ '2.8.2', '1.10.2' ],
21 silly audit   'temp-dir': [ '2.0.0' ],
21 silly audit   tempy: [ '0.6.0' ],
21 silly audit   'terminal-link': [ '2.1.1' ],
21 silly audit   terser: [ '5.46.0' ],
21 silly audit   'terser-webpack-plugin': [ '5.3.16' ],
21 silly audit   'test-exclude': [ '6.0.0' ],
21 silly audit   'text-table': [ '0.2.0' ],
21 silly audit   thenify: [ '3.3.1' ],
21 silly audit   'thenify-all': [ '1.6.0' ],
21 silly audit   throat: [ '6.0.2' ],
21 silly audit   thunky: [ '1.1.0' ],
21 silly audit   'tiny-invariant': [ '1.3.3' ],
21 silly audit   tinyglobby: [ '0.2.15' ],
21 silly audit   fdir: [ '6.5.0' ],
21 silly audit   tmpl: [ '1.0.5' ],
21 silly audit   'to-regex-range': [ '5.0.1' ],
21 silly audit   toidentifier: [ '1.0.1' ],
21 silly audit   'tough-cookie': [ '4.1.4' ],
21 silly audit   universalify: [ '0.2.0', '2.0.1' ],
21 silly audit   tr46: [ '2.1.0', '1.0.1' ],
21 silly audit   tryer: [ '1.0.1' ],
21 silly audit   'ts-interface-checker': [ '0.1.13' ],
21 silly audit   'tsconfig-paths': [ '3.15.0' ],
21 silly audit   tslib: [ '2.8.1', '1.14.1' ],
21 silly audit   tsutils: [ '3.21.0' ],
21 silly audit   'type-detect': [ '4.0.8' ],
21 silly audit   'type-is': [ '1.6.18' ],
21 silly audit   'typed-array-buffer': [ '1.0.3' ],
21 silly audit   'typed-array-byte-length': [ '1.0.3' ],
21 silly audit   'typed-array-byte-offset': [ '1.0.4' ],
21 silly audit   'typed-array-length': [ '1.0.7' ],
21 silly audit   'typedarray-to-buffer': [ '3.1.5' ],
21 silly audit   typescript: [ '4.9.5' ],
21 silly audit   'unbox-primitive': [ '1.1.0' ],
21 silly audit   underscore: [ '1.12.1' ],
21 silly audit   undici: [ '6.19.7' ],
21 silly audit   'undici-types': [ '7.16.0' ],
21 silly audit   'unicode-canonical-property-names-ecmascript': [ '2.0.1' ],
21 silly audit   'unicode-match-property-ecmascript': [ '2.0.0' ],
21 silly audit   'unicode-match-property-value-ecmascript': [ '2.2.1' ],
21 silly audit   'unicode-property-aliases-ecmascript': [ '2.2.0' ],
21 silly audit   'unique-string': [ '2.0.0' ],
21 silly audit   unpipe: [ '1.0.0' ],
21 silly audit   unquote: [ '1.1.1' ],
21 silly audit   upath: [ '1.2.0' ],
21 silly audit   'update-browserslist-db': [ '1.2.3' ],
21 silly audit   'uri-js': [ '4.4.1' ],
21 silly audit   'url-parse': [ '1.5.10' ],
21 silly audit   'util-deprecate': [ '1.0.2' ],
21 silly audit   'util.promisify': [ '1.0.1' ],
21 silly audit   utila: [ '0.4.0' ],
21 silly audit   'utils-merge': [ '1.0.1' ],
21 silly audit   uuid: [ '8.3.2' ],
21 silly audit   'v8-to-istanbul': [ '8.1.1' ],
21 silly audit   vary: [ '1.1.2' ],
21 silly audit   'victory-vendor': [ '36.9.2' ],
21 silly audit   'w3c-hr-time': [ '1.0.2' ],
21 silly audit   'w3c-xmlserializer': [ '2.0.0' ],
21 silly audit   walker: [ '1.0.8' ],
21 silly audit   watchpack: [ '2.5.1' ],
21 silly audit   wbuf: [ '1.7.3' ],
21 silly audit   'web-vitals': [ '3.5.2' ],
21 silly audit   webpack: [ '5.104.1' ],
21 silly audit   'webpack-dev-middleware': [ '5.3.4' ],
21 silly audit   'webpack-dev-server': [ '4.15.2' ],
21 silly audit   ws: [ '8.19.0', '7.5.10' ],
21 silly audit   'webpack-manifest-plugin': [ '4.1.1' ],
21 silly audit   'webpack-sources': [ '2.3.1', '3.3.3', '1.4.3' ],
21 silly audit   'websocket-driver': [ '0.7.4' ],
21 silly audit   'websocket-extensions': [ '0.1.4' ],
21 silly audit   'whatwg-encoding': [ '1.0.5' ],
21 silly audit   'whatwg-fetch': [ '3.6.20' ],
21 silly audit   'whatwg-mimetype': [ '2.3.0' ],
21 silly audit   'whatwg-url': [ '8.7.0', '7.1.0' ],
21 silly audit   'which-boxed-primitive': [ '1.1.1' ],
21 silly audit   'which-builtin-type': [ '1.2.1' ],
21 silly audit   'which-collection': [ '1.0.2' ],
21 silly audit   'which-typed-array': [ '1.1.20' ],
21 silly audit   'word-wrap': [ '1.2.5' ],
21 silly audit   'workbox-background-sync': [ '6.6.0' ],
21 silly audit   'workbox-broadcast-update': [ '6.6.0' ],
21 silly audit   'workbox-build': [ '6.6.0' ],
21 silly audit   '@apideck/better-ajv-errors': [ '0.3.6' ],
21 silly audit   'workbox-cacheable-response': [ '6.6.0' ],
21 silly audit   'workbox-core': [ '6.6.0' ],
21 silly audit   'workbox-expiration': [ '6.6.0' ],
21 silly audit   'workbox-google-analytics': [ '6.6.0' ],
21 silly audit   'workbox-navigation-preload': [ '6.6.0' ],
21 silly audit   'workbox-precaching': [ '6.6.0' ],
21 silly audit   'workbox-range-requests': [ '6.6.0' ],
21 silly audit   'workbox-recipes': [ '6.6.0' ],
21 silly audit   'workbox-routing': [ '6.6.0' ],
21 silly audit   'workbox-strategies': [ '6.6.0' ],
21 silly audit   'workbox-streams': [ '6.6.0' ],
21 silly audit   'workbox-sw': [ '6.6.0' ],
21 silly audit   'workbox-webpack-plugin': [ '6.6.0' ],
21 silly audit   'workbox-window': [ '6.6.0' ],
21 silly audit   'wrap-ansi': [ '7.0.0' ],
21 silly audit   wrappy: [ '1.0.2' ],
21 silly audit   'write-file-atomic': [ '3.0.3' ],
21 silly audit   'xml-name-validator': [ '3.0.0' ],
21 silly audit   xmlchars: [ '2.2.0' ],
21 silly audit   y18n: [ '5.0.8' ],
21 silly audit   yallist: [ '3.1.1' ],
21 silly audit   'yocto-queue': [ '0.1.0' ],
21 silly audit   'date-fns': [ '3.6.0' ]
21 silly audit }
22 silly tarball no local data for date-fns@https://registry.npmjs.org/date-fns/-/date-fns-3.6.0.tgz. Extracting by manifest.
23 http fetch POST 200 https://registry.npmjs.org/-/npm/v1/security/advisories/bulk 476ms
24 silly audit report {
24 silly audit report   'nth-check': [
24 silly audit report     {
24 silly audit report       id: 1095141,
24 silly audit report       url: 'https://github.com/advisories/GHSA-rp65-9cf3-cjxr',
24 silly audit report       title: 'Inefficient Regular Expression Complexity in nth-check',
24 silly audit report       severity: 'high',
24 silly audit report       vulnerable_versions: '<2.0.1',
24 silly audit report       cwe: [Array],
24 silly audit report       cvss: [Object]
24 silly audit report     }
24 silly audit report   ],
24 silly audit report   postcss: [
24 silly audit report     {
24 silly audit report       id: 1109574,
24 silly audit report       url: 'https://github.com/advisories/GHSA-7fh5-64p2-3v2j',
24 silly audit report       title: 'PostCSS line return parsing error',
24 silly audit report       severity: 'moderate',
24 silly audit report       vulnerable_versions: '<8.4.31',
24 silly audit report       cwe: [Array],
24 silly audit report       cvss: [Object]
24 silly audit report     }
24 silly audit report   ],
24 silly audit report   quill: [
24 silly audit report     {
24 silly audit report       id: 1098574,
24 silly audit report       url: 'https://github.com/advisories/GHSA-4943-9vgg-gr5r',
24 silly audit report       title: 'Cross-site Scripting in quill',
24 silly audit report       severity: 'moderate',
24 silly audit report       vulnerable_versions: '<=1.3.7',
24 silly audit report       cwe: [Array],
24 silly audit report       cvss: [Object]
24 silly audit report     }
24 silly audit report   ],
24 silly audit report   undici: [
24 silly audit report     {
24 silly audit report       id: 1101609,
24 silly audit report       url: 'https://github.com/advisories/GHSA-c76h-2ccp-4975',
24 silly audit report       title: 'Use of Insufficiently Random Values in undici',
24 silly audit report       severity: 'moderate',
24 silly audit report       vulnerable_versions: '>=6.0.0 <6.21.1',
24 silly audit report       cwe: [Array],
24 silly audit report       cvss: [Object]
24 silly audit report     },
24 silly audit report     {
24 silly audit report       id: 1104500,
24 silly audit report       url: 'https://github.com/advisories/GHSA-cxrh-j4jr-qwg3',
24 silly audit report       title: 'undici Denial of Service attack via bad certificate data',
24 silly audit report       severity: 'low',
24 silly audit report       vulnerable_versions: '>=6.0.0 <6.21.2',
24 silly audit report       cwe: [Array],
24 silly audit report       cvss: [Object]
24 silly audit report     },
24 silly audit report     {
24 silly audit report       id: 1112153,
24 silly audit report       url: 'https://github.com/advisories/GHSA-g9mf-h72j-4rw9',
24 silly audit report       title: 'Undici has an unbounded decompression chain in HTTP responses on Node.js Fetch API via Content-Encoding leads to resource exhaustion',
24 silly audit report       severity: 'low',
24 silly audit report       vulnerable_versions: '<6.23.0',
24 silly audit report       cwe: [Array],
24 silly audit report       cvss: [Object]
24 silly audit report     }
24 silly audit report   ],
24 silly audit report   'webpack-dev-server': [
24 silly audit report     {
24 silly audit report       id: 1108429,
24 silly audit report       url: 'https://github.com/advisories/GHSA-9jgg-88mc-972h',
24 silly audit report       title: "webpack-dev-server users' source code may be stolen when they access a malicious web site with non-Chromium based browser",
24 silly audit report       severity: 'moderate',
24 silly audit report       vulnerable_versions: '<=5.2.0',
24 silly audit report       cwe: [Array],
24 silly audit report       cvss: [Object]
24 silly audit report     },
24 silly audit report     {
24 silly audit report       id: 1108430,
24 silly audit report       url: 'https://github.com/advisories/GHSA-4v9v-hfq4-rm2v',
24 silly audit report       title: "webpack-dev-server users' source code may be stolen when they access a malicious web site",
24 silly audit report       severity: 'moderate',
24 silly audit report       vulnerable_versions: '<=5.2.0',
24 silly audit report       cwe: [Array],
24 silly audit report       cvss: [Object]
24 silly audit report     }
24 silly audit report   ]
24 silly audit report }
25 silly packumentCache corgi:https://registry.npmjs.org/nth-check cache-miss
26 silly packumentCache corgi:https://registry.npmjs.org/postcss cache-miss
27 silly packumentCache corgi:https://registry.npmjs.org/quill cache-miss
28 silly packumentCache corgi:https://registry.npmjs.org/undici cache-miss
29 silly packumentCache corgi:https://registry.npmjs.org/webpack-dev-server cache-miss
30 http fetch GET 200 https://registry.npmjs.org/quill 173ms (cache revalidated)
31 silly packumentCache corgi:https://registry.npmjs.org/quill set size:153675 disposed:false
32 http fetch GET 200 https://registry.npmjs.org/nth-check 575ms (cache revalidated)
33 silly packumentCache corgi:https://registry.npmjs.org/nth-check set size:10078 disposed:false
34 http fetch GET 200 https://registry.npmjs.org/webpack-dev-server 621ms (cache revalidated)
35 silly packumentCache corgi:https://registry.npmjs.org/webpack-dev-server set size:458386 disposed:false
36 http fetch GET 200 https://registry.npmjs.org/postcss 629ms (cache revalidated)
37 silly packumentCache corgi:https://registry.npmjs.org/postcss set size:337129 disposed:false
38 http fetch GET 200 https://registry.npmjs.org/undici 632ms (cache revalidated)
39 silly packumentCache corgi:https://registry.npmjs.org/undici set size:401965 disposed:false
40 silly packumentCache corgi:https://registry.npmjs.org/css-select cache-miss
41 http fetch GET 200 https://registry.npmjs.org/css-select 264ms (cache revalidated)
42 silly packumentCache corgi:https://registry.npmjs.org/css-select set size:48469 disposed:false
43 silly packumentCache corgi:https://registry.npmjs.org/resolve-url-loader cache-miss
44 http fetch GET 200 https://registry.npmjs.org/resolve-url-loader 171ms (cache revalidated)
45 silly packumentCache corgi:https://registry.npmjs.org/resolve-url-loader set size:61938 disposed:false
46 silly packumentCache corgi:https://registry.npmjs.org/react-quill cache-miss
47 http fetch GET 200 https://registry.npmjs.org/react-quill 146ms (cache revalidated)
48 silly packumentCache corgi:https://registry.npmjs.org/react-quill set size:63338 disposed:false
49 silly packumentCache corgi:https://registry.npmjs.org/@firebase%2fauth-compat cache-miss
50 silly packumentCache corgi:https://registry.npmjs.org/@firebase%2fauth cache-miss
51 silly packumentCache corgi:https://registry.npmjs.org/@firebase%2ffirestore cache-miss
52 silly packumentCache corgi:https://registry.npmjs.org/@firebase%2ffunctions cache-miss
53 silly packumentCache corgi:https://registry.npmjs.org/@firebase%2fstorage cache-miss
54 http fetch GET 200 https://registry.npmjs.org/@firebase%2fstorage 196ms (cache revalidated)
55 silly packumentCache corgi:https://registry.npmjs.org/@firebase%2fstorage set size:6430211 disposed:false
56 http fetch GET 200 https://registry.npmjs.org/@firebase%2ffirestore 313ms (cache revalidated)
57 silly packumentCache corgi:https://registry.npmjs.org/@firebase%2ffirestore set size:8894735 disposed:false
58 http fetch GET 200 https://registry.npmjs.org/@firebase%2fauth 498ms (cache revalidated)
59 silly packumentCache corgi:https://registry.npmjs.org/@firebase%2fauth set size:6244197 disposed:false
60 http fetch GET 200 https://registry.npmjs.org/@firebase%2fauth-compat 613ms (cache revalidated)
61 silly packumentCache corgi:https://registry.npmjs.org/@firebase%2fauth-compat set size:2348839 disposed:false
62 http fetch GET 200 https://registry.npmjs.org/@firebase%2ffunctions 661ms (cache revalidated)
63 silly packumentCache corgi:https://registry.npmjs.org/@firebase%2ffunctions set size:6768057 disposed:false
64 silly packumentCache corgi:https://registry.npmjs.org/@pmmmwh%2freact-refresh-webpack-plugin cache-miss
65 silly packumentCache corgi:https://registry.npmjs.org/react-scripts cache-miss
66 http fetch GET 200 https://registry.npmjs.org/react-scripts 143ms (cache revalidated)
67 silly packumentCache corgi:https://registry.npmjs.org/react-scripts set size:342451 disposed:false
68 http fetch GET 200 https://registry.npmjs.org/@pmmmwh%2freact-refresh-webpack-plugin 154ms (cache revalidated)
69 silly packumentCache corgi:https://registry.npmjs.org/@pmmmwh%2freact-refresh-webpack-plugin set size:206166 disposed:false
70 silly packumentCache corgi:https://registry.npmjs.org/svgo cache-miss
71 http fetch GET 200 https://registry.npmjs.org/svgo 145ms (cache revalidated)
72 silly packumentCache corgi:https://registry.npmjs.org/svgo set size:133164 disposed:false
73 silly packumentCache corgi:https://registry.npmjs.org/@firebase%2fstorage-compat cache-miss
74 silly packumentCache corgi:https://registry.npmjs.org/firebase cache-miss
75 http fetch GET 200 https://registry.npmjs.org/firebase 238ms (cache revalidated)
76 silly packumentCache corgi:https://registry.npmjs.org/firebase set size:9693766 disposed:false
77 http fetch GET 200 https://registry.npmjs.org/@firebase%2fstorage-compat 418ms (cache revalidated)
78 silly packumentCache corgi:https://registry.npmjs.org/@firebase%2fstorage-compat set size:2173693 disposed:false
79 silly packumentCache corgi:https://registry.npmjs.org/@firebase%2ffirestore-compat cache-miss
80 http fetch GET 200 https://registry.npmjs.org/@firebase%2ffirestore-compat 203ms (cache revalidated)
81 silly packumentCache corgi:https://registry.npmjs.org/@firebase%2ffirestore-compat set size:2413489 disposed:false
82 silly packumentCache corgi:https://registry.npmjs.org/@firebase%2ffunctions-compat cache-miss
83 http fetch GET 200 https://registry.npmjs.org/@firebase%2ffunctions-compat 218ms (cache revalidated)
84 silly packumentCache corgi:https://registry.npmjs.org/@firebase%2ffunctions-compat set size:2164784 disposed:false
85 silly packumentCache corgi:https://registry.npmjs.org/@svgr%2fplugin-svgo cache-miss
86 http fetch GET 200 https://registry.npmjs.org/date-fns/-/date-fns-3.6.0.tgz 3860ms (cache miss)
87 http fetch GET 200 https://registry.npmjs.org/@svgr%2fplugin-svgo 1020ms (cache revalidated)
88 silly packumentCache corgi:https://registry.npmjs.org/@svgr%2fplugin-svgo set size:36570 disposed:false
89 silly packumentCache corgi:https://registry.npmjs.org/@svgr%2fwebpack cache-miss
90 http fetch GET 200 https://registry.npmjs.org/@svgr%2fwebpack 323ms (cache revalidated)
91 silly packumentCache corgi:https://registry.npmjs.org/@svgr%2fwebpack set size:85201 disposed:false
92 silly CHANGE node_modules/date-fns
93 verbose cwd /Users/user/Downloads/CeeBee-Predict-AdminPanel-React
94 verbose os Darwin 24.5.0
95 verbose node v21.2.0
96 verbose npm  v10.8.0
97 verbose exit 0
98 info ok
